
Below is the flaky Dockerfile:

# Dockerfile
```# Build
#  docker build -t fe .
# Use
#  curl -sSL https://raw.githubusercontent.com/dosel/t/i/p | bash -s start
#  docker run --rm -ti --net container:zalenium fe
#  curl -sSL https://raw.githubusercontent.com/dosel/t/i/p | bash -s stop
FROM node:7

RUN apt-get -qqy update \
  && apt-get -qqy install \
    git-core \
  && rm -rf /var/lib/apt/lists/*

RUN git clone https://github.com/diemol/frontend_testing.git

RUN ln -sf /frontend_testing/page-objects/js-webdriverio/complete /js-webdriverio

WORKDIR /js-webdriverio
RUN npm install

CMD ["npm", "test"]
```

And below is the build error that occurred when trying to build the Dockerfile:
# Build Error
```> [2/6] RUN apt-get -qqy update   && apt-get -qqy install     git-core   && rm -rf /var/lib/apt/lists/*:
W: Failed to fetch http://security.debian.org/dists/jessie/updates/main/binary-amd64/Packages  404  Not Found [IP: 151.101.80]
W: Failed to fetch http://deb.debian.org/debian/dists/jessie/main/binary-amd64/Packages  404  Not Found
W: Failed to fetch http://deb.debian.org/debian/dists/jessie-updates/main/binary-amd64/Packages  404  Not Found
E: Some index files failed to download. They have been ignored, or old ones used instead.
ERROR: process "/bin/sh -c apt-get -qqy update   && apt-get -qqy install     git-core   && rm -rf /var/lib/apt/lists/*" did not complete successfully: exit code: 100```

Below are a few examples of dockerfiles and their build errors alongside their repairs. These examples are provided to help you understand the task better.

# Example 1
## Example Dockerfile
```FROM node:8.9.4

RUN apt-get update && apt-get install -y openssh-client git && rm -rf /var/lib/apt/lists/*
COPY . /usr/src/app
WORKDIR /usr/src/app

RUN npm install
RUN git submodule init
RUN git submodule update

EXPOSE 3000
ENTRYPOINT DEBUG=AATT* http_port=3000 node app.js
```

## Example Build Error
```> [2/7] RUN apt-get update && apt-get install -y openssh-client git && rm -rf /var/lib/apt/lists/*:
  404  Not Found [IP: 151.101.80]
Err http://deb.debian.org jessie/main amd64 Packages
  404  Not Found
Err http://deb.debian.org jessie-updates/main amd64 Packages
  404  Not Found
W: Failed to fetch http://security.debian.org/dists/jessie/updates/main/binary-amd64/Packages  404  Not Found [IP: 151.101.80]
W: Failed to fetch http://deb.debian.org/debian/dists/jessie/main/binary-amd64/Packages  404  Not Found
W: Failed to fetch http://deb.debian.org/debian/dists/jessie-updates/main/binary-amd64/Packages  404  Not Found
E: Some index files failed to download. They have been ignored, or old ones used instead.
ERROR: process "/bin/sh -c apt-get update && apt-get install -y openssh-client git && rm -rf /var/lib/apt/lists/*" did not complete successfully: exit code: 100```

## Example Repair

### Repair 1
```FROM node:12.22.5-bullseye

RUN apt-get update && apt-get install -y openssh-client git && rm -rf /var/lib/apt/lists/*
COPY . /usr/src/app
WORKDIR /usr/src/app

RUN npm install
RUN git submodule init
RUN git submodule update

EXPOSE 3000
ENTRYPOINT DEBUG=AATT* http_port=3000 node app.js
```


# Example 2
## Example Dockerfile
```FROM debian:jessie-slim
RUN apt-get update
RUN apt-get install -y ca-certificates tar
ADD https://github.com/milo2012/pathbrute/releases/download/v0.0.10/pathbrute_0.0.10_linux_amd64.tar.gz /tmp
RUN tar -xf /tmp/pathbrute_0.0.10_linux_amd64.tar.gz --directory /tmp
ADD https://github.com/milo2012/pathbrute/blob/master/pathbrute.sqlite?raw=true /tmp
RUN cp /tmp/pathbrute.sqlite /
RUN cp /tmp/pathbrute.sqlite /home/
RUN mv /tmp/pathbrute /home/
WORKDIR /home/
ENTRYPOINT ["./pathbrute"]


```

## Example Build Error
```> [ 2/10] RUN apt-get update:
Err http://security.debian.org jessie/updates/main amd64 Packages
  
Err http://security.debian.org jessie/updates/main amd64 Packages
  404  Not Found [IP: 151.101.80]
W: Failed to fetch http://deb.debian.org/debian/dists/jessie/main/binary-amd64/Packages  404  Not Found
W: Failed to fetch http://deb.debian.org/debian/dists/jessie-updates/main/binary-amd64/Packages  404  Not Found
W: Failed to fetch http://security.debian.org/debian-security/dists/jessie/updates/main/binary-amd64/Packages  404  Not Found [IP: 151.101.80]
E: Some index files failed to download. They have been ignored, or old ones used instead.
ERROR: process "/bin/sh -c apt-get update" did not complete successfully: exit code: 100```

## Example Repair

### Repair 1
```FROM debian:bullseye-slim

RUN apt-get update
RUN apt-get install -y ca-certificates tar
ADD https://github.com/milo2012/pathbrute/releases/download/v0.0.10/pathbrute_0.0.10_linux_amd64.tar.gz /tmp
RUN tar -xf /tmp/pathbrute_0.0.10_linux_amd64.tar.gz --directory /tmp
ADD https://github.com/milo2012/pathbrute/blob/master/pathbrute.sqlite?raw=true /tmp
RUN cp /tmp/pathbrute.sqlite /
RUN cp /tmp/pathbrute.sqlite /home/
RUN mv /tmp/pathbrute /home/
WORKDIR /home/
ENTRYPOINT ["./pathbrute"]


```


# Example 3
## Example Dockerfile
```FROM debian:jessie
RUN apt-get update && apt-get install --no-install-recommends -y ca-certificates && rm -rf /var/lib/apt/lists/* && apt-get clean

ADD https://github.com/boivie/lovebeat/releases/download/1.0.3/linux_amd64_lovebeat /bin/lovebeat
RUN chmod a+x /bin/lovebeat && mkdir /data

VOLUME ["/data", "/etc/lovebeat.conf.d"]
WORKDIR /data

EXPOSE 8127/udp 8127/tcp
EXPOSE 8080

ENTRYPOINT ["/bin/lovebeat"]

```

## Example Build Error
```> [2/5] RUN apt-get update && apt-get install --no-install-recommends -y ca-certificates && rm -rf /var/lib/apt/lists/* && apt-get clean:
  404  Not Found [IP: 151.101.80]
Err http://deb.debian.org jessie/main amd64 Packages
  404  Not Found
Err http://deb.debian.org jessie-updates/main amd64 Packages
  404  Not Found
W: Failed to fetch http://security.debian.org/debian-security/dists/jessie/updates/main/binary-amd64/Packages  404  Not Found [IP: 151.101.80]
W: Failed to fetch http://deb.debian.org/debian/dists/jessie/main/binary-amd64/Packages  404  Not Found
W: Failed to fetch http://deb.debian.org/debian/dists/jessie-updates/main/binary-amd64/Packages  404  Not Found
E: Some index files failed to download. They have been ignored, or old ones used instead.
ERROR: process "/bin/sh -c apt-get update && apt-get install --no-install-recommends -y ca-certificates && rm -rf /var/lib/apt/lists/* && apt-get clean" did not complete successfully: exit code: 100```

## Example Repair

### Repair 1
```FROM debian:bullseye
RUN apt-get update && apt-get install --no-install-recommends -y ca-certificates && rm -rf /var/lib/apt/lists/* && apt-get clean

ADD https://github.com/boivie/lovebeat/releases/download/1.0.3/linux_amd64_lovebeat /bin/lovebeat
RUN chmod a+x /bin/lovebeat && mkdir /data

VOLUME ["/data", "/etc/lovebeat.conf.d"]
WORKDIR /data

EXPOSE 8127/udp 8127/tcp
EXPOSE 8080

ENTRYPOINT ["/bin/lovebeat"]

```

Below are a few false repairs that an LLM previously made by mistake for the input flaky Dockerfile along with their build outputs as further demonstrations. These examples are provided to help you understand the task better and to avoid making the same mistakes. So, do not generate the exact false repair generated previously, but you can get ideas from them.

# False Repair 1
## False Repair Dockerfile
```FROM node:12.22.5-bullseye

RUN apt-get -qqy update \
  && apt-get -qqy install \
    git-core \
  && rm -rf /var/lib/apt/lists/*

RUN git clone https://github.com/diemol/frontend_testing.git

RUN ln -sf /frontend_testing/page-objects/js-webdriverio/complete /js-webdriverio

WORKDIR /js-webdriverio
RUN npm install

CMD ["npm", "test"]```

## False Repair Build Output
```> [6/6] RUN npm install:
9.016 npm ERR! code ELIFECYCLE
9.016 npm ERR! errno 1
9.022 npm ERR! fibers@2.0.0 install: `node build.js || nodejs build.js`
9.022 npm ERR! Exit status 1
9.022 npm ERR! 
9.022 npm ERR! Failed at the fibers@2.0.0 install script.
9.022 npm ERR! This is probably not a problem with npm. There is likely additional logging output above.
9.062 
9.062 npm ERR! A complete log of this run can be found in:
9.062 npm ERR!     /root/.npm/_logs/2024-07-31T22_20_50_260Z-debug.log
ERROR: process "/bin/sh -c npm install" did not complete successfully: exit code: 1```

Your task is to repair the Dockerfile based on the Dockerfile and its build error provided alongside the examples provided for you for as demonstrations. To solve the problem, and based on the information provided, first, you should diagnose which part is causing the flakiness and why. Then, according to the characteristics of that flakiness, repair the Dockerfile. the output Dockerfile must be within five angle brackets:
    <<<<<
    Dockerfile content 
    >>>>>
